<?xml version="1.0" encoding="UTF-8"?>
<!-- Generated by org.testng.reporters.JUnitXMLReporter -->
<testsuite ignored="0" hostname="Sasikumar" failures="0" tests="6" name="Test" time="125.661" errors="0" timestamp="2024-01-11T12:41:19 IST">
  <testcase classname="org.project.testcases.EditAccountDetails" name="editAccountDetails" time="9.235"/>
  <testcase classname="org.project.testcases.Login" name="performLogin" time="5.955"/>
  <testcase classname="org.project.testcases.Home" name="performHome" time="18.917"/>
  <testcase classname="org.project.testcases.OrderHistory" name="orderHistory" time="18.292"/>
  <testcase classname="org.project.testcases.ChangePassword" name="changePassword" time="8.195"/>
  <testcase classname="org.project.testcases.MyWishList" name="myWishList" time="5.097"/>
</testsuite> <!-- Test -->
