<?xml version="1.0" encoding="UTF-8"?>
<testng-results ignored="0" total="1" passed="1" failed="0" skipped="0">
  <reporter-output>
  </reporter-output>
  <suite started-at="2024-01-11T04:38:26 IST" name="Default suite" finished-at="2024-01-11T04:38:40 IST" duration-ms="14073">
    <groups>
    </groups>
    <test started-at="2024-01-11T04:38:26 IST" name="Default test" finished-at="2024-01-11T04:38:40 IST" duration-ms="14073">
      <class name="org.automation.test.stores.testcases.AddToCartTest">
        <test-method is-config="true" signature="startProject()[pri:0, instance:org.automation.test.stores.testcases.AddToCartTest@51399530]" started-at="2024-01-11T04:38:26 IST" name="startProject" finished-at="2024-01-11T04:38:34 IST" duration-ms="7916" status="PASS">
          <reporter-output>
          </reporter-output>
        </test-method> <!-- startProject -->
        <test-method signature="addToCartTest()[pri:0, instance:org.automation.test.stores.testcases.AddToCartTest@51399530]" started-at="2024-01-11T04:38:34 IST" name="addToCartTest" finished-at="2024-01-11T04:38:40 IST" duration-ms="6108" status="PASS">
          <reporter-output>
          </reporter-output>
        </test-method> <!-- addToCartTest -->
      </class> <!-- org.automation.test.stores.testcases.AddToCartTest -->
    </test> <!-- Default test -->
  </suite> <!-- Default suite -->
</testng-results>
